<?xml version="1.0" encoding="UTF-8"?>
<!-- Generated by org.testng.reporters.JUnitReportReporter -->
<testsuite skipped="0" hostname="Giridhars-MacBook-Air.local" name="hellocucumber.RunParallel" tests="15" failures="0" timestamp="04 Nov 2019 13:40:41 GMT" time="47.349" errors="0">
  <testcase name="runScenario" time="3.012" classname="hellocucumber.RunParallel"/>
  <testcase name="runScenario" time="3.226" classname="hellocucumber.RunParallel"/>
  <testcase name="runScenario" time="3.225" classname="hellocucumber.RunParallel"/>
  <testcase name="runScenario" time="3.005" classname="hellocucumber.RunParallel"/>
  <testcase name="runScenario" time="3.009" classname="hellocucumber.RunParallel"/>
  <testcase name="runScenario" time="3.222" classname="hellocucumber.RunParallel"/>
  <testcase name="runScenario" time="3.240" classname="hellocucumber.RunParallel"/>
  <testcase name="runScenario" time="3.225" classname="hellocucumber.RunParallel"/>
  <testcase name="runScenario" time="3.012" classname="hellocucumber.RunParallel"/>
  <testcase name="runScenario" time="3.250" classname="hellocucumber.RunParallel"/>
  <testcase name="runScenario" time="3.017" classname="hellocucumber.RunParallel"/>
  <testcase name="runScenario" time="3.232" classname="hellocucumber.RunParallel"/>
  <testcase name="runScenario" time="3.224" classname="hellocucumber.RunParallel"/>
  <testcase name="runScenario" time="3.224" classname="hellocucumber.RunParallel"/>
  <testcase name="runScenario" time="3.226" classname="hellocucumber.RunParallel"/>
</testsuite> <!-- hellocucumber.RunParallel -->
